<h2>SHANMUGAVIGNESH CS25MTECH12017 RADIX - Test Results (FAILED)</h2>
<h3>Error Details:</h3>
<ul>
<li>Test Case input_1.csv: Memory measurement failed</li>
<li>Test Case input_2.csv: Memory measurement failed</li>
<li>Test Case input_3.csv: Memory measurement failed</li>
<li>Test Case input_4.csv: Memory measurement failed</li>
<li>Test Case input_5.csv: Output mismatch</li>
</ul>
<h3>Test Results:</h3>
<table border='1'><tr><th>Test Case</th><th>Kernel Time (ms)</th><th>Peak Memory (KB)</th></tr>
<tr><td>input_1.csv</td><td>11197.1604</td><td>ERROR</td></tr>
<tr><td>input_2.csv</td><td>11178.2743</td><td>ERROR</td></tr>
<tr><td>input_3.csv</td><td>11186.8041</td><td>ERROR</td></tr>
<tr><td>input_4.csv</td><td>11222.0278</td><td>ERROR</td></tr>
<tr><td>input_5.csv</td><td>FAILED</td><td>ERROR</td></tr>
</table>
